C:\Users\LENOVO\AppData\Roaming\Python\Python312\site-packages\pydantic\_internal\_fields.py:160: UserWarning: Field "model_dir" has conflict with protected namespace "model_".

You may be able to resolve this warning by setting `model_config['protected_namespaces'] = ()`.
  warnings.warn(
C:\Users\LENOVO\AppData\Roaming\Python\Python312\site-packages\pydantic\_internal\_fields.py:160: UserWarning: Field "model_path" has conflict with protected namespace "model_".

You may be able to resolve this warning by setting `model_config['protected_namespaces'] = ('settings_',)`.
  warnings.warn(
C:\Users\LENOVO\AppData\Roaming\Python\Python312\site-packages\pydantic\_internal\_fields.py:160: UserWarning: Field "model_name" has conflict with protected namespace "model_".

You may be able to resolve this warning by setting `model_config['protected_namespaces'] = ()`.
  warnings.warn(
WARNING: All log messages before absl::InitializeLog() is called are written to STDERR
I0000 00:00:1779319871.855320   30944 port.cc:153] oneDNN custom operations are on. You may see slightly different numerical results due to floating-point round-off errors from different computation orders. To turn them off, set the environment variable `TF_ENABLE_ONEDNN_OPTS=0`.
WARNING: All log messages before absl::InitializeLog() is called are written to STDERR
I0000 00:00:1779319874.246761   30944 port.cc:153] oneDNN custom operations are on. You may see slightly different numerical results due to floating-point round-off errors from different computation orders. To turn them off, set the environment variable `TF_ENABLE_ONEDNN_OPTS=0`.
C:\Users\LENOVO\AppData\Roaming\Python\Python312\site-packages\mlflow\tracking\_tracking_service\utils.py:184: FutureWarning: The filesystem tracking backend (e.g., './mlruns') is deprecated as of February 2026. Consider transitioning to a database backend (e.g., 'sqlite:///mlflow.db') to take advantage of the latest MLflow features. See https://mlflow.org/docs/latest/self-hosting/migrate-from-file-store for migration guidance.
  return FileStore(store_uri, store_uri)
2026-05-21 02:31:25  INFO      sentiment.training.trainer - Loading dataset ...
2026-05-21 02:31:25  INFO      sentiment.data.dataset - Loading IMDB (num_words=10000) ...
C:\Users\LENOVO\AppData\Roaming\Python\Python312\site-packages\numpy\lib\_format_impl.py:838: VisibleDeprecationWarning: dtype(): align should be passed as Python or NumPy boolean but got `align=0`. Did you mean to pass a tuple to create a subarray type? (Deprecated NumPy 2.4)
  array = pickle.load(fp, **pickle_kwargs)
2026-05-21 02:31:33  INFO      sentiment.data.preprocessing - Tokenizer fitted on 25000 texts Ś vocab: 9505
I0000 00:00:1779319900.216310   30944 cpu_feature_guard.cc:227] This TensorFlow binary is optimized to use available CPU instructions in performance-critical operations.
To enable the following instructions: SSE3 SSE4.1 SSE4.2 AVX AVX2 FMA, in other operations, rebuild TensorFlow with the appropriate compiler flags.
2026-05-21 02:31:40  INFO      sentiment.training.trainer - Building model 'gru_sentiment_v1' ...
WARNING:tensorflow:From C:\Users\LENOVO\AppData\Roaming\Python\Python312\site-packages\keras\src\backend\tensorflow\core.py:232: The name tf.placeholder is deprecated. Please use tf.compat.v1.placeholder instead.

2026-05-21 02:31:41  WARNING   tensorflow - From C:\Users\LENOVO\AppData\Roaming\Python\Python312\site-packages\keras\src\backend\tensorflow\core.py:232: The name tf.placeholder is deprecated. Please use tf.compat.v1.placeholder instead.

C:\Users\LENOVO\AppData\Roaming\Python\Python312\site-packages\keras\src\layers\layer.py:982: UserWarning: Layer 'attention' (of type BahdanauAttention) was passed an input with a mask attached to it. However, this layer does not support masking and will therefore destroy the mask information. Downstream layers will not see the mask.
  warnings.warn(
C:\Users\LENOVO\AppData\Roaming\Python\Python312\site-packages\keras\src\layers\layer.py:982: UserWarning: Layer 'max_pool' (of type GlobalMaxPooling1D) was passed an input with a mask attached to it. However, this layer does not support masking and will therefore destroy the mask information. Downstream layers will not see the mask.
  warnings.warn(
WARNING:tensorflow:TensorFlow GPU support is not available on native Windows for TensorFlow >= 2.11. Even if CUDA/cuDNN are installed, GPU will not be used. Please use WSL2 or the TensorFlow-DirectML plugin.
2026-05-21 02:31:41  WARNING   tensorflow - TensorFlow GPU support is not available on native Windows for TensorFlow >= 2.11. Even if CUDA/cuDNN are installed, GPU will not be used. Please use WSL2 or the TensorFlow-DirectML plugin.
2026-05-21 02:31:41  INFO      sentiment.models.gru - Model built Ś parameters: 1,613,441
2026-05-21 02:31:41  INFO      sentiment.training.trainer - Model: "GRUSentiment"
+--------------------------------------------------------------------------+
| Layer (type)        | Output Shape      |    Param # | Connected to      |
|---------------------+-------------------+------------+-------------------|
| token_ids           | (None, 200)       |          0 | -                 |
| (InputLayer)        |                   |            |                   |
|---------------------+-------------------+------------+-------------------|
| embedding           | (None, 200, 128)  |  1,216,768 | token_ids[0][0]   |
| (Embedding)         |                   |            |                   |
|---------------------+-------------------+------------+-------------------|
| spatial_drop        | (None, 200, 128)  |          0 | embedding[0][0]   |
| (SpatialDropout1D)  |                   |            |                   |
|---------------------+-------------------+------------+-------------------|
| not_equal           | (None, 200)       |          0 | token_ids[0][0]   |
| (NotEqual)          |                   |            |                   |
|---------------------+-------------------+------------+-------------------|
| bi_gru_0            | (None, 200, 256)  |    198,144 | spatial_drop[0][ģ |
| (Bidirectional)     |                   |            | not_equal[0][0]   |
|---------------------+-------------------+------------+-------------------|
| bi_gru_1            | (None, 200, 128)  |    123,648 | bi_gru_0[0][0],   |
| (Bidirectional)     |                   |            | not_equal[0][0]   |
|---------------------+-------------------+------------+-------------------|
| attention           | (None, 128)       |     16,512 | bi_gru_1[0][0]    |
| (BahdanauAttention) |                   |            |                   |
|---------------------+-------------------+------------+-------------------|
| avg_pool            | (None, 128)       |          0 | bi_gru_1[0][0],   |
| (GlobalAveragePoolģ |                   |            | not_equal[0][0]   |
|---------------------+-------------------+------------+-------------------|
| max_pool            | (None, 128)       |          0 | bi_gru_1[0][0]    |
| (GlobalMaxPooling1ģ |                   |            |                   |
|---------------------+-------------------+------------+-------------------|
| pool_concat         | (None, 384)       |          0 | attention[0][0],  |
| (Concatenate)       |                   |            | avg_pool[0][0],   |
|                     |                   |            | max_pool[0][0]    |
|---------------------+-------------------+------------+-------------------|
| dense_0 (Dense)     | (None, 128)       |     49,280 | pool_concat[0][0] |
|---------------------+-------------------+------------+-------------------|
| bn_0                | (None, 128)       |        512 | dense_0[0][0]     |
| (BatchNormalizatioģ |                   |            |                   |
|---------------------+-------------------+------------+-------------------|
| drop_0 (Dropout)    | (None, 128)       |          0 | bn_0[0][0]        |
|---------------------+-------------------+------------+-------------------|
| dense_1 (Dense)     | (None, 64)        |      8,256 | drop_0[0][0]      |
|---------------------+-------------------+------------+-------------------|
| bn_1                | (None, 64)        |        256 | dense_1[0][0]     |
| (BatchNormalizatioģ |                   |            |                   |
|---------------------+-------------------+------------+-------------------|
| drop_1 (Dropout)    | (None, 64)        |          0 | bn_1[0][0]        |
|---------------------+-------------------+------------+-------------------|
| sentiment (Dense)   | (None, 1)         |         65 | drop_1[0][0]      |
+--------------------------------------------------------------------------+
 Total params: 1,613,441 (6.15 MB)
 Trainable params: 1,613,057 (6.15 MB)
 Non-trainable params: 384 (1.50 KB)

2026-05-21 02:31:41  WARNING   sentiment.training.trainer - TensorBoard is not installed; skipping TensorBoard callback.
E0000 00:00:1779319909.504345   30944 util.cc:131] oneDNN supports DT_BOOL only on platforms with AVX-512. Falling back to the default Eigen-based implementation if present.
2026-05-21 02:38:51  INFO      sentiment.training.callbacks - Epoch 1 Ś wall time: 430.1s
2026-05-21 02:47:00  INFO      sentiment.training.callbacks - Epoch 2 Ś wall time: 488.9s
2026-05-21 02:55:31  INFO      sentiment.training.callbacks - Epoch 3 Ś wall time: 511.0s
2026-05-21 03:04:07  INFO      sentiment.training.callbacks - Epoch 4 Ś wall time: 515.6s
